<?xml version="1.0" encoding="UTF-8"?>
<coverage generated="1675189181206" clover="3.2.0">
  <project timestamp="1675189181206" name="All files">
    <metrics statements="29" coveredstatements="18" conditionals="6" coveredconditionals="3" methods="16" coveredmethods="8" elements="51" coveredelements="29" complexity="0" loc="29" ncloc="29" packages="2" files="6" classes="6"/>
    <package name="client.src.components.RelatedProducts">
      <metrics statements="21" coveredstatements="12" conditionals="6" coveredconditionals="3" methods="15" coveredmethods="7"/>
      <file name="RPCard.jsx" path="/home/mcpeck/hackreactor/FECv2/client/src/components/RelatedProducts/RPCard.jsx">
        <metrics statements="1" coveredstatements="1" conditionals="0" coveredconditionals="0" methods="2" coveredmethods="1"/>
        <line num="11" count="4" type="stmt"/>
      </file>
      <file name="RPComparison.jsx" path="/home/mcpeck/hackreactor/FECv2/client/src/components/RelatedProducts/RPComparison.jsx">
        <metrics statements="0" coveredstatements="0" conditionals="0" coveredconditionals="0" methods="1" coveredmethods="0"/>
      </file>
      <file name="RPList.jsx" path="/home/mcpeck/hackreactor/FECv2/client/src/components/RelatedProducts/RPList.jsx">
        <metrics statements="3" coveredstatements="3" conditionals="2" coveredconditionals="2" methods="2" coveredmethods="2"/>
        <line num="5" count="2" type="stmt"/>
        <line num="6" count="2" type="stmt"/>
        <line num="12" count="3" type="stmt"/>
      </file>
      <file name="RelatedProducts.jsx" path="/home/mcpeck/hackreactor/FECv2/client/src/components/RelatedProducts/RelatedProducts.jsx">
        <metrics statements="14" coveredstatements="8" conditionals="4" coveredconditionals="1" methods="8" coveredmethods="4"/>
        <line num="1" count="1" type="stmt"/>
        <line num="8" count="1" type="stmt"/>
        <line num="11" count="1" type="stmt"/>
        <line num="12" count="1" type="stmt"/>
        <line num="13" count="0" type="cond" truecount="0" falsecount="2"/>
        <line num="14" count="0" type="stmt"/>
        <line num="16" count="0" type="stmt"/>
        <line num="19" count="1" type="stmt"/>
        <line num="25" count="1" type="stmt"/>
        <line num="26" count="1" type="stmt"/>
        <line num="28" count="0" type="stmt"/>
        <line num="29" count="0" type="stmt"/>
        <line num="32" count="0" type="stmt"/>
        <line num="36" count="1" type="stmt"/>
      </file>
      <file name="YourOutfitList.jsx" path="/home/mcpeck/hackreactor/FECv2/client/src/components/RelatedProducts/YourOutfitList.jsx">
        <metrics statements="3" coveredstatements="0" conditionals="0" coveredconditionals="0" methods="2" coveredmethods="0"/>
        <line num="4" count="0" type="stmt"/>
        <line num="6" count="0" type="stmt"/>
        <line num="9" count="0" type="stmt"/>
      </file>
    </package>
    <package name="server.utils">
      <metrics statements="8" coveredstatements="6" conditionals="0" coveredconditionals="0" methods="1" coveredmethods="1"/>
      <file name="fetch.js" path="/home/mcpeck/hackreactor/FECv2/server/utils/fetch.js">
        <metrics statements="8" coveredstatements="6" conditionals="0" coveredconditionals="0" methods="1" coveredmethods="1"/>
        <line num="1" count="1" type="stmt"/>
        <line num="26" count="1" type="stmt"/>
        <line num="27" count="1" type="stmt"/>
        <line num="34" count="1" type="stmt"/>
        <line num="36" count="1" type="stmt"/>
        <line num="37" count="0" type="stmt"/>
        <line num="40" count="0" type="stmt"/>
        <line num="44" count="1" type="stmt"/>
      </file>
    </package>
  </project>
</coverage>
