{"/home/benny/hackreactor/front-end-capstone/FECv2/ExampleData/index.js": {"path":"/home/benny/hackreactor/front-end-capstone/FECv2/ExampleData/index.js","statementMap":{"0":{"start":{"line":1,"column":20},"end":{"line":1,"column":46}},"1":{"start":{"line":2,"column":16},"end":{"line":2,"column":38}},"2":{"start":{"line":3,"column":21},"end":{"line":3,"column":48}},"3":{"start":{"line":4,"column":19},"end":{"line":4,"column":44}},"4":{"start":{"line":6,"column":0},"end":{"line":6,"column":78}}},"fnMap":{},"branchMap":{},"s":{"0":1,"1":1,"2":1,"3":1,"4":1},"f":{},"b":{},"_coverageSchema":"1a1c01bbd47fc00a2c39e90264f33305004495a9","hash":"678f175804fd8705ede6e0058b74de48d35112be"}
,"/home/benny/hackreactor/front-end-capstone/FECv2/ExampleData/APIs/cart.js": {"path":"/home/benny/hackreactor/front-end-capstone/FECv2/ExampleData/APIs/cart.js","statementMap":{"0":{"start":{"line":1,"column":0},"end":{"line":17,"column":2}}},"fnMap":{},"branchMap":{},"s":{"0":1},"f":{},"b":{},"_coverageSchema":"1a1c01bbd47fc00a2c39e90264f33305004495a9","hash":"70e735ca783c28940ea5cdc3bb27c94440815905"}
,"/home/benny/hackreactor/front-end-capstone/FECv2/ExampleData/APIs/products.js": {"path":"/home/benny/hackreactor/front-end-capstone/FECv2/ExampleData/APIs/products.js","statementMap":{"0":{"start":{"line":1,"column":0},"end":{"line":129,"column":2}}},"fnMap":{},"branchMap":{},"s":{"0":1},"f":{},"b":{},"_coverageSchema":"1a1c01bbd47fc00a2c39e90264f33305004495a9","hash":"85fe5732b384fd46e831d81ec2a0deb363035521"}
,"/home/benny/hackreactor/front-end-capstone/FECv2/ExampleData/APIs/questions.js": {"path":"/home/benny/hackreactor/front-end-capstone/FECv2/ExampleData/APIs/questions.js","statementMap":{"0":{"start":{"line":1,"column":0},"end":{"line":107,"column":2}}},"fnMap":{},"branchMap":{},"s":{"0":1},"f":{},"b":{},"_coverageSchema":"1a1c01bbd47fc00a2c39e90264f33305004495a9","hash":"372d99fd0597b093953bf074ca4a84c402f556f0"}
,"/home/benny/hackreactor/front-end-capstone/FECv2/ExampleData/APIs/reviews.js": {"path":"/home/benny/hackreactor/front-end-capstone/FECv2/ExampleData/APIs/reviews.js","statementMap":{"0":{"start":{"line":1,"column":0},"end":{"line":74,"column":2}}},"fnMap":{},"branchMap":{},"s":{"0":1},"f":{},"b":{},"_coverageSchema":"1a1c01bbd47fc00a2c39e90264f33305004495a9","hash":"9f806ed9f765548e04b06b57f3dc85c6701c1bb2"}
,"/home/benny/hackreactor/front-end-capstone/FECv2/client/src/components/Overview/components/Button.jsx": {"path":"/home/benny/hackreactor/front-end-capstone/FECv2/client/src/components/Overview/components/Button.jsx","statementMap":{"0":{"start":{"line":4,"column":1},"end":{"line":4,"column":61}}},"fnMap":{"0":{"name":"Button","decl":{"start":{"line":3,"column":9},"end":{"line":3,"column":15}},"loc":{"start":{"line":3,"column":44},"end":{"line":5,"column":1}},"line":3}},"branchMap":{},"s":{"0":4},"f":{"0":4},"b":{},"_coverageSchema":"1a1c01bbd47fc00a2c39e90264f33305004495a9","hash":"5db630f0d3fd43c43f61be47e15f5d26b2474006"}
,"/home/benny/hackreactor/front-end-capstone/FECv2/client/src/components/Overview/components/Images.jsx": {"path":"/home/benny/hackreactor/front-end-capstone/FECv2/client/src/components/Overview/components/Images.jsx","statementMap":{"0":{"start":{"line":9,"column":1},"end":{"line":32,"column":2}},"1":{"start":{"line":10,"column":26},"end":{"line":10,"column":41}},"2":{"start":{"line":11,"column":25},"end":{"line":11,"column":51}},"3":{"start":{"line":12,"column":22},"end":{"line":12,"column":53}},"4":{"start":{"line":13,"column":31},"end":{"line":13,"column":72}},"5":{"start":{"line":15,"column":2},"end":{"line":29,"column":3}},"6":{"start":{"line":17,"column":29},"end":{"line":17,"column":55}},"7":{"start":{"line":25,"column":20},"end":{"line":25,"column":46}},"8":{"start":{"line":31,"column":2},"end":{"line":31,"column":40}}},"fnMap":{"0":{"name":"Images","decl":{"start":{"line":8,"column":9},"end":{"line":8,"column":15}},"loc":{"start":{"line":8,"column":46},"end":{"line":33,"column":1}},"line":8},"1":{"name":"(anonymous_1)","decl":{"start":{"line":17,"column":24},"end":{"line":17,"column":25}},"loc":{"start":{"line":17,"column":29},"end":{"line":17,"column":55}},"line":17},"2":{"name":"(anonymous_2)","decl":{"start":{"line":25,"column":14},"end":{"line":25,"column":15}},"loc":{"start":{"line":25,"column":20},"end":{"line":25,"column":46}},"line":25}},"branchMap":{"0":{"loc":{"start":{"line":9,"column":1},"end":{"line":32,"column":2}},"type":"if","locations":[{"start":{"line":9,"column":1},"end":{"line":32,"column":2}},{"start":{"line":30,"column":8},"end":{"line":32,"column":2}}],"line":9}},"s":{"0":2,"1":0,"2":0,"3":0,"4":0,"5":0,"6":0,"7":0,"8":2},"f":{"0":2,"1":0,"2":0},"b":{"0":[0,2]},"_coverageSchema":"1a1c01bbd47fc00a2c39e90264f33305004495a9","hash":"bfea513ae3cccb3b1cfde7ffcb598a1b0049a17b"}
,"/home/benny/hackreactor/front-end-capstone/FECv2/client/src/components/Overview/components/Modal.jsx": {"path":"/home/benny/hackreactor/front-end-capstone/FECv2/client/src/components/Overview/components/Modal.jsx","statementMap":{"0":{"start":{"line":5,"column":1},"end":{"line":14,"column":2}},"1":{"start":{"line":9,"column":18},"end":{"line":9,"column":44}}},"fnMap":{"0":{"name":"Modal","decl":{"start":{"line":4,"column":9},"end":{"line":4,"column":14}},"loc":{"start":{"line":4,"column":58},"end":{"line":15,"column":1}},"line":4},"1":{"name":"(anonymous_1)","decl":{"start":{"line":9,"column":12},"end":{"line":9,"column":13}},"loc":{"start":{"line":9,"column":18},"end":{"line":9,"column":44}},"line":9}},"branchMap":{},"s":{"0":0,"1":0},"f":{"0":0,"1":0},"b":{},"_coverageSchema":"1a1c01bbd47fc00a2c39e90264f33305004495a9","hash":"be0b5132329db92ddc07b0073652bb85ff29add8"}
,"/home/benny/hackreactor/front-end-capstone/FECv2/client/src/components/Overview/components/Overview.jsx": {"path":"/home/benny/hackreactor/front-end-capstone/FECv2/client/src/components/Overview/components/Overview.jsx","statementMap":{"0":{"start":{"line":13,"column":33},"end":{"line":13,"column":44}},"1":{"start":{"line":14,"column":25},"end":{"line":14,"column":38}},"2":{"start":{"line":15,"column":31},"end":{"line":15,"column":46}},"3":{"start":{"line":17,"column":33},"end":{"line":17,"column":45}},"4":{"start":{"line":20,"column":33},"end":{"line":20,"column":45}},"5":{"start":{"line":21,"column":36},"end":{"line":21,"column":48}},"6":{"start":{"line":22,"column":37},"end":{"line":22,"column":48}},"7":{"start":{"line":25,"column":1},"end":{"line":34,"column":8}},"8":{"start":{"line":26,"column":2},"end":{"line":33,"column":4}},"9":{"start":{"line":27,"column":3},"end":{"line":32,"column":4}},"10":{"start":{"line":28,"column":4},"end":{"line":28,"column":37}},"11":{"start":{"line":31,"column":4},"end":{"line":31,"column":30}},"12":{"start":{"line":37,"column":1},"end":{"line":57,"column":16}},"13":{"start":{"line":40,"column":17},"end":{"line":40,"column":28}},"14":{"start":{"line":41,"column":2},"end":{"line":41,"column":29}},"15":{"start":{"line":43,"column":2},"end":{"line":56,"column":5}},"16":{"start":{"line":44,"column":3},"end":{"line":55,"column":6}},"17":{"start":{"line":45,"column":4},"end":{"line":54,"column":5}},"18":{"start":{"line":46,"column":5},"end":{"line":46,"column":42}},"19":{"start":{"line":48,"column":21},"end":{"line":48,"column":41}},"20":{"start":{"line":50,"column":5},"end":{"line":53,"column":9}},"21":{"start":{"line":50,"column":31},"end":{"line":53,"column":6}},"22":{"start":{"line":59,"column":1},"end":{"line":66,"column":3}}},"fnMap":{"0":{"name":"Overview","decl":{"start":{"line":11,"column":9},"end":{"line":11,"column":17}},"loc":{"start":{"line":11,"column":20},"end":{"line":67,"column":1}},"line":11},"1":{"name":"(anonymous_1)","decl":{"start":{"line":25,"column":11},"end":{"line":25,"column":12}},"loc":{"start":{"line":25,"column":17},"end":{"line":34,"column":2}},"line":25},"2":{"name":"(anonymous_2)","decl":{"start":{"line":26,"column":20},"end":{"line":26,"column":21}},"loc":{"start":{"line":26,"column":38},"end":{"line":33,"column":3}},"line":26},"3":{"name":"(anonymous_3)","decl":{"start":{"line":37,"column":11},"end":{"line":37,"column":12}},"loc":{"start":{"line":37,"column":17},"end":{"line":57,"column":2}},"line":37},"4":{"name":"(anonymous_4)","decl":{"start":{"line":43,"column":19},"end":{"line":43,"column":20}},"loc":{"start":{"line":43,"column":27},"end":{"line":56,"column":3}},"line":43},"5":{"name":"(anonymous_5)","decl":{"start":{"line":44,"column":39},"end":{"line":44,"column":40}},"loc":{"start":{"line":44,"column":57},"end":{"line":55,"column":4}},"line":44},"6":{"name":"(anonymous_6)","decl":{"start":{"line":50,"column":15},"end":{"line":50,"column":16}},"loc":{"start":{"line":50,"column":31},"end":{"line":53,"column":6}},"line":50}},"branchMap":{"0":{"loc":{"start":{"line":27,"column":3},"end":{"line":32,"column":4}},"type":"if","locations":[{"start":{"line":27,"column":3},"end":{"line":32,"column":4}},{"start":{"line":29,"column":10},"end":{"line":32,"column":4}}],"line":27},"1":{"loc":{"start":{"line":45,"column":4},"end":{"line":54,"column":5}},"type":"if","locations":[{"start":{"line":45,"column":4},"end":{"line":54,"column":5}},{"start":{"line":47,"column":11},"end":{"line":54,"column":5}}],"line":45}},"s":{"0":2,"1":2,"2":2,"3":2,"4":2,"5":2,"6":2,"7":2,"8":1,"9":1,"10":1,"11":0,"12":2,"13":1,"14":1,"15":1,"16":0,"17":0,"18":0,"19":0,"20":0,"21":0,"22":2},"f":{"0":2,"1":1,"2":1,"3":1,"4":0,"5":0,"6":0},"b":{"0":[1,0],"1":[0,0]},"_coverageSchema":"1a1c01bbd47fc00a2c39e90264f33305004495a9","hash":"9e66c6627ff6fe4d09582ac4c70653e7a2aa23ae"}
,"/home/benny/hackreactor/front-end-capstone/FECv2/client/src/components/Overview/components/ProductInfo.jsx": {"path":"/home/benny/hackreactor/front-end-capstone/FECv2/client/src/components/Overview/components/ProductInfo.jsx","statementMap":{"0":{"start":{"line":7,"column":21},"end":{"line":9,"column":2}},"1":{"start":{"line":8,"column":2},"end":{"line":8,"column":53}},"2":{"start":{"line":11,"column":1},"end":{"line":21,"column":3}}},"fnMap":{"0":{"name":"ProductInfo","decl":{"start":{"line":6,"column":9},"end":{"line":6,"column":20}},"loc":{"start":{"line":6,"column":35},"end":{"line":22,"column":1}},"line":6},"1":{"name":"(anonymous_1)","decl":{"start":{"line":7,"column":21},"end":{"line":7,"column":22}},"loc":{"start":{"line":7,"column":27},"end":{"line":9,"column":2}},"line":7}},"branchMap":{},"s":{"0":2,"1":0,"2":2},"f":{"0":2,"1":0},"b":{},"_coverageSchema":"1a1c01bbd47fc00a2c39e90264f33305004495a9","hash":"8f9f836d648ca1211bc96542ce6ac74a625d81ff"}
,"/home/benny/hackreactor/front-end-capstone/FECv2/client/src/components/Overview/components/StarRating.jsx": {"path":"/home/benny/hackreactor/front-end-capstone/FECv2/client/src/components/Overview/components/StarRating.jsx","statementMap":{"0":{"start":{"line":5,"column":21},"end":{"line":8,"column":2}},"1":{"start":{"line":6,"column":2},"end":{"line":6,"column":21}},"2":{"start":{"line":7,"column":2},"end":{"line":7,"column":48}},"3":{"start":{"line":10,"column":1},"end":{"line":19,"column":2}}},"fnMap":{"0":{"name":"StarRating","decl":{"start":{"line":4,"column":9},"end":{"line":4,"column":19}},"loc":{"start":{"line":4,"column":22},"end":{"line":20,"column":1}},"line":4},"1":{"name":"(anonymous_1)","decl":{"start":{"line":5,"column":21},"end":{"line":5,"column":22}},"loc":{"start":{"line":5,"column":28},"end":{"line":8,"column":2}},"line":5}},"branchMap":{},"s":{"0":2,"1":0,"2":0,"3":2},"f":{"0":2,"1":0},"b":{},"_coverageSchema":"1a1c01bbd47fc00a2c39e90264f33305004495a9","hash":"095e086a0606e9e62f069b2a233fea005797c48b"}
,"/home/benny/hackreactor/front-end-capstone/FECv2/client/src/components/Overview/components/StyleSelector.jsx": {"path":"/home/benny/hackreactor/front-end-capstone/FECv2/client/src/components/Overview/components/StyleSelector.jsx","statementMap":{"0":{"start":{"line":8,"column":25},"end":{"line":8,"column":37}},"1":{"start":{"line":9,"column":23},"end":{"line":9,"column":34}},"2":{"start":{"line":10,"column":25},"end":{"line":13,"column":3}},"3":{"start":{"line":16,"column":17},"end":{"line":16,"column":27}},"4":{"start":{"line":17,"column":16},"end":{"line":17,"column":25}},"5":{"start":{"line":40,"column":24},"end":{"line":64,"column":2}},"6":{"start":{"line":41,"column":2},"end":{"line":41,"column":21}},"7":{"start":{"line":42,"column":2},"end":{"line":42,"column":34}},"8":{"start":{"line":44,"column":22},"end":{"line":44,"column":74}},"9":{"start":{"line":45,"column":21},"end":{"line":45,"column":71}},"10":{"start":{"line":47,"column":2},"end":{"line":50,"column":5}},"11":{"start":{"line":66,"column":30},"end":{"line":72,"column":2}},"12":{"start":{"line":67,"column":2},"end":{"line":71,"column":3}},"13":{"start":{"line":68,"column":3},"end":{"line":68,"column":27}},"14":{"start":{"line":69,"column":9},"end":{"line":71,"column":3}},"15":{"start":{"line":70,"column":3},"end":{"line":70,"column":26}},"16":{"start":{"line":74,"column":1},"end":{"line":101,"column":2}}},"fnMap":{"0":{"name":"StyleSelector","decl":{"start":{"line":6,"column":9},"end":{"line":6,"column":22}},"loc":{"start":{"line":6,"column":26},"end":{"line":102,"column":1}},"line":6},"1":{"name":"(anonymous_1)","decl":{"start":{"line":40,"column":24},"end":{"line":40,"column":25}},"loc":{"start":{"line":40,"column":31},"end":{"line":64,"column":2}},"line":40},"2":{"name":"(anonymous_2)","decl":{"start":{"line":66,"column":30},"end":{"line":66,"column":31}},"loc":{"start":{"line":66,"column":37},"end":{"line":72,"column":2}},"line":66}},"branchMap":{"0":{"loc":{"start":{"line":67,"column":2},"end":{"line":71,"column":3}},"type":"if","locations":[{"start":{"line":67,"column":2},"end":{"line":71,"column":3}},{"start":{"line":69,"column":9},"end":{"line":71,"column":3}}],"line":67},"1":{"loc":{"start":{"line":69,"column":9},"end":{"line":71,"column":3}},"type":"if","locations":[{"start":{"line":69,"column":9},"end":{"line":71,"column":3}},{"start":{},"end":{}}],"line":69}},"s":{"0":2,"1":2,"2":2,"3":2,"4":2,"5":2,"6":0,"7":0,"8":0,"9":0,"10":0,"11":2,"12":0,"13":0,"14":0,"15":0,"16":2},"f":{"0":2,"1":0,"2":0},"b":{"0":[0,0],"1":[0,0]},"_coverageSchema":"1a1c01bbd47fc00a2c39e90264f33305004495a9","hash":"2add8051740ae39d47536a58dd0814da336eef00"}
,"/home/benny/hackreactor/front-end-capstone/FECv2/client/src/components/Overview/components/Thumbnail.jsx": {"path":"/home/benny/hackreactor/front-end-capstone/FECv2/client/src/components/Overview/components/Thumbnail.jsx","statementMap":{"0":{"start":{"line":5,"column":14},"end":{"line":5,"column":26}},"1":{"start":{"line":7,"column":1},"end":{"line":18,"column":2}}},"fnMap":{"0":{"name":"Thumbnail","decl":{"start":{"line":4,"column":9},"end":{"line":4,"column":18}},"loc":{"start":{"line":4,"column":30},"end":{"line":20,"column":1}},"line":4}},"branchMap":{},"s":{"0":0,"1":0},"f":{"0":0},"b":{},"_coverageSchema":"1a1c01bbd47fc00a2c39e90264f33305004495a9","hash":"6933c0ffa50e38e7476610c87c6c0f760fd41369"}
,"/home/benny/hackreactor/front-end-capstone/FECv2/client/src/components/Overview/components/ThumbnailCarousel.jsx": {"path":"/home/benny/hackreactor/front-end-capstone/FECv2/client/src/components/Overview/components/ThumbnailCarousel.jsx","statementMap":{"0":{"start":{"line":5,"column":1},"end":{"line":18,"column":2}},"1":{"start":{"line":6,"column":2},"end":{"line":13,"column":3}},"2":{"start":{"line":8,"column":46},"end":{"line":11,"column":6}},"3":{"start":{"line":15,"column":2},"end":{"line":17,"column":3}}},"fnMap":{"0":{"name":"ThumbnailCarousel","decl":{"start":{"line":4,"column":9},"end":{"line":4,"column":26}},"loc":{"start":{"line":4,"column":56},"end":{"line":20,"column":1}},"line":4},"1":{"name":"(anonymous_1)","decl":{"start":{"line":8,"column":36},"end":{"line":8,"column":37}},"loc":{"start":{"line":8,"column":46},"end":{"line":11,"column":6}},"line":8}},"branchMap":{"0":{"loc":{"start":{"line":5,"column":1},"end":{"line":18,"column":2}},"type":"if","locations":[{"start":{"line":5,"column":1},"end":{"line":18,"column":2}},{"start":{"line":14,"column":8},"end":{"line":18,"column":2}}],"line":5}},"s":{"0":0,"1":0,"2":0,"3":0},"f":{"0":0,"1":0},"b":{"0":[0,0]},"_coverageSchema":"1a1c01bbd47fc00a2c39e90264f33305004495a9","hash":"492f867732581cc68072cca69a4903dfcf8c4e96"}
,"/home/benny/hackreactor/front-end-capstone/FECv2/client/src/components/Overview/overview-utils/modal.js": {"path":"/home/benny/hackreactor/front-end-capstone/FECv2/client/src/components/Overview/overview-utils/modal.js","statementMap":{"0":{"start":{"line":4,"column":1},"end":{"line":4,"column":24}},"1":{"start":{"line":4,"column":17},"end":{"line":4,"column":22}},"2":{"start":{"line":5,"column":17},"end":{"line":5,"column":52}},"3":{"start":{"line":6,"column":13},"end":{"line":6,"column":45}},"4":{"start":{"line":8,"column":1},"end":{"line":8,"column":48}},"5":{"start":{"line":9,"column":1},"end":{"line":9,"column":52}}},"fnMap":{"0":{"name":"toggleModal","decl":{"start":{"line":3,"column":24},"end":{"line":3,"column":35}},"loc":{"start":{"line":3,"column":51},"end":{"line":10,"column":1}},"line":3},"1":{"name":"(anonymous_1)","decl":{"start":{"line":4,"column":9},"end":{"line":4,"column":10}},"loc":{"start":{"line":4,"column":17},"end":{"line":4,"column":22}},"line":4}},"branchMap":{},"s":{"0":0,"1":0,"2":0,"3":0,"4":0,"5":0},"f":{"0":0,"1":0},"b":{},"_coverageSchema":"1a1c01bbd47fc00a2c39e90264f33305004495a9","hash":"7f03c6995ed095fde214c429e7599f51ea2ecb2a"}
,"/home/benny/hackreactor/front-end-capstone/FECv2/client/src/components/Questions/Answers/Answer.jsx": {"path":"/home/benny/hackreactor/front-end-capstone/FECv2/client/src/components/Questions/Answers/Answer.jsx","statementMap":{"0":{"start":{"line":4,"column":18},"end":{"line":7,"column":3}},"1":{"start":{"line":5,"column":18},"end":{"line":5,"column":68}},"2":{"start":{"line":6,"column":4},"end":{"line":6,"column":54}},"3":{"start":{"line":9,"column":2},"end":{"line":19,"column":3}}},"fnMap":{"0":{"name":"Answer","decl":{"start":{"line":3,"column":9},"end":{"line":3,"column":15}},"loc":{"start":{"line":3,"column":23},"end":{"line":20,"column":1}},"line":3},"1":{"name":"(anonymous_1)","decl":{"start":{"line":4,"column":18},"end":{"line":4,"column":19}},"loc":{"start":{"line":4,"column":28},"end":{"line":7,"column":3}},"line":4}},"branchMap":{},"s":{"0":1,"1":1,"2":1,"3":1},"f":{"0":1,"1":1},"b":{},"_coverageSchema":"1a1c01bbd47fc00a2c39e90264f33305004495a9","hash":"77c9cabe4ff24ce9e4095d233b64865bc3f3d2dd"}
,"/home/benny/hackreactor/front-end-capstone/FECv2/client/src/components/Questions/Answers/AnswersList.jsx": {"path":"/home/benny/hackreactor/front-end-capstone/FECv2/client/src/components/Questions/Answers/AnswersList.jsx","statementMap":{"0":{"start":{"line":14,"column":37},"end":{"line":14,"column":53}},"1":{"start":{"line":15,"column":29},"end":{"line":15,"column":40}},"2":{"start":{"line":16,"column":27},"end":{"line":16,"column":38}},"3":{"start":{"line":17,"column":18},"end":{"line":17,"column":28}},"4":{"start":{"line":20,"column":2},"end":{"line":22,"column":8}},"5":{"start":{"line":21,"column":4},"end":{"line":21,"column":34}},"6":{"start":{"line":25,"column":2},"end":{"line":36,"column":3}},"7":{"start":{"line":28,"column":8},"end":{"line":30,"column":14}},"8":{"start":{"line":32,"column":28},"end":{"line":32,"column":42}}},"fnMap":{"0":{"name":"AnswersList","decl":{"start":{"line":8,"column":9},"end":{"line":8,"column":20}},"loc":{"start":{"line":8,"column":38},"end":{"line":38,"column":1}},"line":8},"1":{"name":"(anonymous_1)","decl":{"start":{"line":20,"column":12},"end":{"line":20,"column":13}},"loc":{"start":{"line":20,"column":18},"end":{"line":22,"column":3}},"line":20},"2":{"name":"(anonymous_2)","decl":{"start":{"line":27,"column":65},"end":{"line":27,"column":66}},"loc":{"start":{"line":27,"column":81},"end":{"line":31,"column":7}},"line":27},"3":{"name":"(anonymous_3)","decl":{"start":{"line":32,"column":20},"end":{"line":32,"column":21}},"loc":{"start":{"line":32,"column":26},"end":{"line":32,"column":44}},"line":32}},"branchMap":{"0":{"loc":{"start":{"line":27,"column":7},"end":{"line":31,"column":8}},"type":"binary-expr","locations":[{"start":{"line":27,"column":7},"end":{"line":27,"column":29}},{"start":{"line":27,"column":33},"end":{"line":31,"column":8}}],"line":27},"1":{"loc":{"start":{"line":33,"column":9},"end":{"line":33,"column":56}},"type":"cond-expr","locations":[{"start":{"line":33,"column":17},"end":{"line":33,"column":35}},{"start":{"line":33,"column":38},"end":{"line":33,"column":56}}],"line":33}},"s":{"0":2,"1":2,"2":2,"3":2,"4":2,"5":2,"6":2,"7":0,"8":1},"f":{"0":2,"1":2,"2":0,"3":1},"b":{"0":[2,0],"1":[2,0]},"_coverageSchema":"1a1c01bbd47fc00a2c39e90264f33305004495a9","hash":"96fa83c919983ce846284c43b528386aa53bd92f"}
,"/home/benny/hackreactor/front-end-capstone/FECv2/client/src/components/Questions/Answers/hooks/useAnswersList.jsx": {"path":"/home/benny/hackreactor/front-end-capstone/FECv2/client/src/components/Questions/Answers/hooks/useAnswersList.jsx","statementMap":{"0":{"start":{"line":5,"column":40},"end":{"line":5,"column":52}},"1":{"start":{"line":7,"column":20},"end":{"line":17,"column":3}},"2":{"start":{"line":8,"column":4},"end":{"line":16,"column":5}},"3":{"start":{"line":9,"column":6},"end":{"line":12,"column":15}},"4":{"start":{"line":14,"column":6},"end":{"line":14,"column":47}},"5":{"start":{"line":15,"column":6},"end":{"line":15,"column":29}},"6":{"start":{"line":19,"column":2},"end":{"line":19,"column":36}}},"fnMap":{"0":{"name":"useAnswersList","decl":{"start":{"line":4,"column":24},"end":{"line":4,"column":38}},"loc":{"start":{"line":4,"column":41},"end":{"line":20,"column":1}},"line":4},"1":{"name":"(anonymous_1)","decl":{"start":{"line":7,"column":20},"end":{"line":7,"column":21}},"loc":{"start":{"line":7,"column":49},"end":{"line":17,"column":3}},"line":7}},"branchMap":{},"s":{"0":2,"1":2,"2":2,"3":2,"4":0,"5":0,"6":2},"f":{"0":2,"1":2},"b":{},"_coverageSchema":"1a1c01bbd47fc00a2c39e90264f33305004495a9","hash":"0e80ba25b996a9667ff527180627a2ce85c36333"}
,"/home/benny/hackreactor/front-end-capstone/FECv2/client/src/components/Questions/Answers/hooks/useMoreA.jsx": {"path":"/home/benny/hackreactor/front-end-capstone/FECv2/client/src/components/Questions/Answers/hooks/useMoreA.jsx","statementMap":{"0":{"start":{"line":5,"column":28},"end":{"line":5,"column":42}},"1":{"start":{"line":7,"column":2},"end":{"line":7,"column":27}}},"fnMap":{"0":{"name":"useMoreA","decl":{"start":{"line":4,"column":24},"end":{"line":4,"column":32}},"loc":{"start":{"line":4,"column":35},"end":{"line":8,"column":1}},"line":4}},"branchMap":{},"s":{"0":2,"1":2},"f":{"0":2},"b":{},"_coverageSchema":"1a1c01bbd47fc00a2c39e90264f33305004495a9","hash":"5fb21f12618d039d4882d957fd80a6f3898a3560"}
,"/home/benny/hackreactor/front-end-capstone/FECv2/client/src/components/Questions/QuestionsList/MoreAnsweredQ.jsx": {"path":"/home/benny/hackreactor/front-end-capstone/FECv2/client/src/components/Questions/QuestionsList/MoreAnsweredQ.jsx","statementMap":{"0":{"start":{"line":5,"column":2},"end":{"line":11,"column":3}},"1":{"start":{"line":7,"column":31},"end":{"line":7,"column":93}}},"fnMap":{"0":{"name":"MoreAnsweredQ","decl":{"start":{"line":3,"column":24},"end":{"line":3,"column":37}},"loc":{"start":{"line":3,"column":112},"end":{"line":12,"column":1}},"line":3},"1":{"name":"(anonymous_1)","decl":{"start":{"line":7,"column":23},"end":{"line":7,"column":24}},"loc":{"start":{"line":7,"column":29},"end":{"line":7,"column":95}},"line":7}},"branchMap":{"0":{"loc":{"start":{"line":8,"column":9},"end":{"line":8,"column":63}},"type":"cond-expr","locations":[{"start":{"line":8,"column":17},"end":{"line":8,"column":42}},{"start":{"line":8,"column":45},"end":{"line":8,"column":63}}],"line":8}},"s":{"0":0,"1":0},"f":{"0":0,"1":0},"b":{"0":[0,0]},"_coverageSchema":"1a1c01bbd47fc00a2c39e90264f33305004495a9","hash":"7faf1a03d79d2d3b561a801ffb77852716535132"}
,"/home/benny/hackreactor/front-end-capstone/FECv2/client/src/components/Questions/QuestionsList/Question.jsx": {"path":"/home/benny/hackreactor/front-end-capstone/FECv2/client/src/components/Questions/QuestionsList/Question.jsx","statementMap":{"0":{"start":{"line":8,"column":2},"end":{"line":17,"column":3}}},"fnMap":{"0":{"name":"Question","decl":{"start":{"line":3,"column":9},"end":{"line":3,"column":17}},"loc":{"start":{"line":3,"column":24},"end":{"line":18,"column":1}},"line":3}},"branchMap":{},"s":{"0":1},"f":{"0":1},"b":{},"_coverageSchema":"1a1c01bbd47fc00a2c39e90264f33305004495a9","hash":"9372c55fb0c9ca3e018c090b440e462d127c68fa"}
,"/home/benny/hackreactor/front-end-capstone/FECv2/client/src/components/Questions/QuestionsList/QuestionsList.jsx": {"path":"/home/benny/hackreactor/front-end-capstone/FECv2/client/src/components/Questions/QuestionsList/QuestionsList.jsx","statementMap":{"0":{"start":{"line":16,"column":27},"end":{"line":16,"column":37}},"1":{"start":{"line":17,"column":29},"end":{"line":17,"column":40}},"2":{"start":{"line":18,"column":36},"end":{"line":18,"column":54}},"3":{"start":{"line":19,"column":42},"end":{"line":19,"column":52}},"4":{"start":{"line":24,"column":20},"end":{"line":26,"column":3}},"5":{"start":{"line":25,"column":4},"end":{"line":25,"column":28}},"6":{"start":{"line":28,"column":19},"end":{"line":32,"column":3}},"7":{"start":{"line":29,"column":4},"end":{"line":31,"column":5}},"8":{"start":{"line":30,"column":6},"end":{"line":30,"column":20}},"9":{"start":{"line":35,"column":2},"end":{"line":37,"column":8}},"10":{"start":{"line":36,"column":4},"end":{"line":36,"column":28}},"11":{"start":{"line":39,"column":2},"end":{"line":53,"column":3}},"12":{"start":{"line":43,"column":10},"end":{"line":48,"column":11}}},"fnMap":{"0":{"name":"QuestionsList","decl":{"start":{"line":15,"column":9},"end":{"line":15,"column":22}},"loc":{"start":{"line":15,"column":30},"end":{"line":54,"column":1}},"line":15},"1":{"name":"(anonymous_1)","decl":{"start":{"line":24,"column":20},"end":{"line":24,"column":21}},"loc":{"start":{"line":24,"column":26},"end":{"line":26,"column":3}},"line":24},"2":{"name":"(anonymous_2)","decl":{"start":{"line":28,"column":19},"end":{"line":28,"column":20}},"loc":{"start":{"line":28,"column":25},"end":{"line":32,"column":3}},"line":28},"3":{"name":"(anonymous_3)","decl":{"start":{"line":35,"column":12},"end":{"line":35,"column":13}},"loc":{"start":{"line":35,"column":18},"end":{"line":37,"column":3}},"line":35},"4":{"name":"(anonymous_4)","decl":{"start":{"line":42,"column":43},"end":{"line":42,"column":44}},"loc":{"start":{"line":42,"column":57},"end":{"line":49,"column":9}},"line":42}},"branchMap":{"0":{"loc":{"start":{"line":29,"column":4},"end":{"line":31,"column":5}},"type":"if","locations":[{"start":{"line":29,"column":4},"end":{"line":31,"column":5}},{"start":{},"end":{}}],"line":29},"1":{"loc":{"start":{"line":29,"column":8},"end":{"line":29,"column":69}},"type":"binary-expr","locations":[{"start":{"line":29,"column":8},"end":{"line":29,"column":39}},{"start":{"line":29,"column":43},"end":{"line":29,"column":69}}],"line":29},"2":{"loc":{"start":{"line":51,"column":7},"end":{"line":51,"column":130}},"type":"binary-expr","locations":[{"start":{"line":51,"column":7},"end":{"line":51,"column":31}},{"start":{"line":51,"column":35},"end":{"line":51,"column":130}}],"line":51}},"s":{"0":2,"1":2,"2":2,"3":2,"4":2,"5":0,"6":2,"7":0,"8":0,"9":2,"10":2,"11":2,"12":0},"f":{"0":2,"1":0,"2":0,"3":2,"4":0},"b":{"0":[0,0],"1":[0,0],"2":[2,0]},"_coverageSchema":"1a1c01bbd47fc00a2c39e90264f33305004495a9","hash":"ef0a71f6a38ce58ce85729a9d54bd530a094f275"}
,"/home/benny/hackreactor/front-end-capstone/FECv2/client/src/components/Questions/QuestionsList/SearchBar.jsx": {"path":"/home/benny/hackreactor/front-end-capstone/FECv2/client/src/components/Questions/QuestionsList/SearchBar.jsx","statementMap":{"0":{"start":{"line":8,"column":40},"end":{"line":8,"column":52}},"1":{"start":{"line":10,"column":21},"end":{"line":12,"column":3}},"2":{"start":{"line":11,"column":4},"end":{"line":11,"column":35}},"3":{"start":{"line":14,"column":2},"end":{"line":20,"column":3}}},"fnMap":{"0":{"name":"SearchBar","decl":{"start":{"line":3,"column":9},"end":{"line":3,"column":18}},"loc":{"start":{"line":3,"column":26},"end":{"line":21,"column":1}},"line":3},"1":{"name":"(anonymous_1)","decl":{"start":{"line":10,"column":21},"end":{"line":10,"column":22}},"loc":{"start":{"line":10,"column":28},"end":{"line":12,"column":3}},"line":10}},"branchMap":{},"s":{"0":3,"1":3,"2":1,"3":3},"f":{"0":3,"1":1},"b":{},"_coverageSchema":"1a1c01bbd47fc00a2c39e90264f33305004495a9","hash":"4711cfd96a9db1b0d3aa311dd93e059ef9746d6e"}
,"/home/benny/hackreactor/front-end-capstone/FECv2/client/src/components/Questions/hooks/useCount.jsx": {"path":"/home/benny/hackreactor/front-end-capstone/FECv2/client/src/components/Questions/hooks/useCount.jsx","statementMap":{"0":{"start":{"line":4,"column":14},"end":{"line":4,"column":21}},"1":{"start":{"line":5,"column":28},"end":{"line":5,"column":45}},"2":{"start":{"line":7,"column":18},"end":{"line":9,"column":3}},"3":{"start":{"line":8,"column":4},"end":{"line":8,"column":24}},"4":{"start":{"line":11,"column":14},"end":{"line":13,"column":3}},"5":{"start":{"line":12,"column":4},"end":{"line":12,"column":20}},"6":{"start":{"line":15,"column":18},"end":{"line":15,"column":36}},"7":{"start":{"line":17,"column":2},"end":{"line":17,"column":28}}},"fnMap":{"0":{"name":"useCount","decl":{"start":{"line":3,"column":24},"end":{"line":3,"column":32}},"loc":{"start":{"line":3,"column":43},"end":{"line":18,"column":1}},"line":3},"1":{"name":"(anonymous_1)","decl":{"start":{"line":7,"column":18},"end":{"line":7,"column":19}},"loc":{"start":{"line":7,"column":24},"end":{"line":9,"column":3}},"line":7},"2":{"name":"(anonymous_2)","decl":{"start":{"line":11,"column":14},"end":{"line":11,"column":15}},"loc":{"start":{"line":11,"column":20},"end":{"line":13,"column":3}},"line":11}},"branchMap":{},"s":{"0":2,"1":2,"2":2,"3":0,"4":2,"5":0,"6":2,"7":2},"f":{"0":2,"1":0,"2":0},"b":{},"_coverageSchema":"1a1c01bbd47fc00a2c39e90264f33305004495a9","hash":"2754c9d8c42c1dd4f2b978ec64fb20e25f0e32ab"}
,"/home/benny/hackreactor/front-end-capstone/FECv2/client/src/components/Questions/hooks/useMoreQ.jsx": {"path":"/home/benny/hackreactor/front-end-capstone/FECv2/client/src/components/Questions/hooks/useMoreQ.jsx","statementMap":{"0":{"start":{"line":4,"column":28},"end":{"line":4,"column":42}},"1":{"start":{"line":6,"column":18},"end":{"line":22,"column":3}},"2":{"start":{"line":7,"column":4},"end":{"line":12,"column":5}},"3":{"start":{"line":8,"column":6},"end":{"line":8,"column":24}},"4":{"start":{"line":9,"column":6},"end":{"line":9,"column":23}},"5":{"start":{"line":10,"column":6},"end":{"line":10,"column":21}},"6":{"start":{"line":11,"column":6},"end":{"line":11,"column":13}},"7":{"start":{"line":14,"column":4},"end":{"line":20,"column":5}},"8":{"start":{"line":15,"column":6},"end":{"line":15,"column":27}},"9":{"start":{"line":16,"column":6},"end":{"line":16,"column":28}},"10":{"start":{"line":17,"column":6},"end":{"line":17,"column":20}},"11":{"start":{"line":19,"column":6},"end":{"line":19,"column":28}},"12":{"start":{"line":21,"column":4},"end":{"line":21,"column":17}},"13":{"start":{"line":24,"column":20},"end":{"line":26,"column":3}},"14":{"start":{"line":25,"column":4},"end":{"line":25,"column":21}},"15":{"start":{"line":28,"column":2},"end":{"line":28,"column":40}}},"fnMap":{"0":{"name":"useMoreQ","decl":{"start":{"line":3,"column":24},"end":{"line":3,"column":32}},"loc":{"start":{"line":3,"column":35},"end":{"line":30,"column":1}},"line":3},"1":{"name":"(anonymous_1)","decl":{"start":{"line":6,"column":18},"end":{"line":6,"column":19}},"loc":{"start":{"line":6,"column":75},"end":{"line":22,"column":3}},"line":6},"2":{"name":"(anonymous_2)","decl":{"start":{"line":24,"column":20},"end":{"line":24,"column":21}},"loc":{"start":{"line":24,"column":26},"end":{"line":26,"column":3}},"line":24}},"branchMap":{"0":{"loc":{"start":{"line":7,"column":4},"end":{"line":12,"column":5}},"type":"if","locations":[{"start":{"line":7,"column":4},"end":{"line":12,"column":5}},{"start":{},"end":{}}],"line":7},"1":{"loc":{"start":{"line":14,"column":4},"end":{"line":20,"column":5}},"type":"if","locations":[{"start":{"line":14,"column":4},"end":{"line":20,"column":5}},{"start":{"line":18,"column":11},"end":{"line":20,"column":5}}],"line":14}},"s":{"0":2,"1":2,"2":0,"3":0,"4":0,"5":0,"6":0,"7":0,"8":0,"9":0,"10":0,"11":0,"12":0,"13":2,"14":0,"15":2},"f":{"0":2,"1":0,"2":0},"b":{"0":[0,0],"1":[0,0]},"_coverageSchema":"1a1c01bbd47fc00a2c39e90264f33305004495a9","hash":"33d2f86caa12a14cb065c5c979b70497e2625db0"}
,"/home/benny/hackreactor/front-end-capstone/FECv2/client/src/components/Questions/hooks/usePage.jsx": {"path":"/home/benny/hackreactor/front-end-capstone/FECv2/client/src/components/Questions/hooks/usePage.jsx","statementMap":{"0":{"start":{"line":4,"column":14},"end":{"line":4,"column":21}},"1":{"start":{"line":5,"column":26},"end":{"line":5,"column":43}},"2":{"start":{"line":7,"column":18},"end":{"line":9,"column":3}},"3":{"start":{"line":8,"column":4},"end":{"line":8,"column":22}},"4":{"start":{"line":11,"column":14},"end":{"line":13,"column":3}},"5":{"start":{"line":12,"column":4},"end":{"line":12,"column":19}},"6":{"start":{"line":15,"column":17},"end":{"line":15,"column":35}},"7":{"start":{"line":17,"column":2},"end":{"line":17,"column":26}}},"fnMap":{"0":{"name":"usePage","decl":{"start":{"line":3,"column":24},"end":{"line":3,"column":31}},"loc":{"start":{"line":3,"column":42},"end":{"line":18,"column":1}},"line":3},"1":{"name":"(anonymous_1)","decl":{"start":{"line":7,"column":18},"end":{"line":7,"column":19}},"loc":{"start":{"line":7,"column":24},"end":{"line":9,"column":3}},"line":7},"2":{"name":"(anonymous_2)","decl":{"start":{"line":11,"column":14},"end":{"line":11,"column":15}},"loc":{"start":{"line":11,"column":20},"end":{"line":13,"column":3}},"line":11}},"branchMap":{},"s":{"0":2,"1":2,"2":2,"3":0,"4":2,"5":0,"6":2,"7":2},"f":{"0":2,"1":0,"2":0},"b":{},"_coverageSchema":"1a1c01bbd47fc00a2c39e90264f33305004495a9","hash":"c7c6ce5c3bb4f5779266fd7b0c8a31425a9406f0"}
,"/home/benny/hackreactor/front-end-capstone/FECv2/client/src/components/Questions/hooks/useQuestionsList.jsx": {"path":"/home/benny/hackreactor/front-end-capstone/FECv2/client/src/components/Questions/hooks/useQuestionsList.jsx","statementMap":{"0":{"start":{"line":5,"column":44},"end":{"line":5,"column":56}},"1":{"start":{"line":7,"column":17},"end":{"line":17,"column":3}},"2":{"start":{"line":8,"column":4},"end":{"line":16,"column":5}},"3":{"start":{"line":9,"column":6},"end":{"line":12,"column":15}},"4":{"start":{"line":14,"column":6},"end":{"line":14,"column":49}},"5":{"start":{"line":15,"column":6},"end":{"line":15,"column":29}},"6":{"start":{"line":19,"column":2},"end":{"line":19,"column":35}}},"fnMap":{"0":{"name":"useQuestionsList","decl":{"start":{"line":4,"column":24},"end":{"line":4,"column":40}},"loc":{"start":{"line":4,"column":43},"end":{"line":20,"column":1}},"line":4},"1":{"name":"(anonymous_1)","decl":{"start":{"line":7,"column":17},"end":{"line":7,"column":18}},"loc":{"start":{"line":7,"column":45},"end":{"line":17,"column":3}},"line":7}},"branchMap":{},"s":{"0":2,"1":2,"2":2,"3":2,"4":0,"5":0,"6":2},"f":{"0":2,"1":2},"b":{},"_coverageSchema":"1a1c01bbd47fc00a2c39e90264f33305004495a9","hash":"657be9256e9bc4ba3fa21387c45e8f0ef515415a"}
,"/home/benny/hackreactor/front-end-capstone/FECv2/server/fetch.js": {"path":"/home/benny/hackreactor/front-end-capstone/FECv2/server/fetch.js","statementMap":{"0":{"start":{"line":1,"column":14},"end":{"line":1,"column":30}},"1":{"start":{"line":26,"column":12},"end":{"line":42,"column":1}},"2":{"start":{"line":27,"column":15},"end":{"line":32,"column":2}},"3":{"start":{"line":34,"column":1},"end":{"line":41,"column":2}},"4":{"start":{"line":36,"column":15},"end":{"line":36,"column":69}},"5":{"start":{"line":37,"column":2},"end":{"line":37,"column":17}},"6":{"start":{"line":39,"column":2},"end":{"line":39,"column":43}},"7":{"start":{"line":40,"column":2},"end":{"line":40,"column":10}},"8":{"start":{"line":44,"column":0},"end":{"line":44,"column":27}}},"fnMap":{"0":{"name":"(anonymous_0)","decl":{"start":{"line":26,"column":12},"end":{"line":26,"column":13}},"loc":{"start":{"line":26,"column":36},"end":{"line":42,"column":1}},"line":26}},"branchMap":{},"s":{"0":1,"1":1,"2":1,"3":1,"4":1,"5":0,"6":1,"7":1,"8":1},"f":{"0":1},"b":{},"_coverageSchema":"1a1c01bbd47fc00a2c39e90264f33305004495a9","hash":"2200d9e481d2795421552ea09a5195f87a11a96a"}
}
