{"/home/mcpeck/hackreactor/FECv2/client/src/components/RelatedProducts/RPCard.jsx": {"path":"/home/mcpeck/hackreactor/FECv2/client/src/components/RelatedProducts/RPCard.jsx","statementMap":{"0":{"start":{"line":11,"column":2},"end":{"line":25,"column":3}}},"fnMap":{"0":{"name":"RPCard","decl":{"start":{"line":4,"column":9},"end":{"line":4,"column":15}},"loc":{"start":{"line":4,"column":25},"end":{"line":26,"column":1}},"line":4},"1":{"name":"starProduct","decl":{"start":{"line":5,"column":11},"end":{"line":5,"column":22}},"loc":{"start":{"line":5,"column":27},"end":{"line":9,"column":3}},"line":5}},"branchMap":{},"s":{"0":4},"f":{"0":4,"1":0},"b":{},"_coverageSchema":"1a1c01bbd47fc00a2c39e90264f33305004495a9","hash":"2d39ffc88ece041917ee1793102de637414c7175"}
,"/home/mcpeck/hackreactor/FECv2/client/src/components/RelatedProducts/RPComparison.jsx": {"path":"/home/mcpeck/hackreactor/FECv2/client/src/components/RelatedProducts/RPComparison.jsx","statementMap":{},"fnMap":{"0":{"name":"RPComparison","decl":{"start":{"line":1,"column":9},"end":{"line":1,"column":21}},"loc":{"start":{"line":1,"column":30},"end":{"line":3,"column":1}},"line":1}},"branchMap":{},"s":{},"f":{"0":0},"b":{},"_coverageSchema":"1a1c01bbd47fc00a2c39e90264f33305004495a9","hash":"97693c174ebdbbda2bb377a1e024aa90060f1149"}
,"/home/mcpeck/hackreactor/FECv2/client/src/components/RelatedProducts/RPList.jsx": {"path":"/home/mcpeck/hackreactor/FECv2/client/src/components/RelatedProducts/RPList.jsx","statementMap":{"0":{"start":{"line":5,"column":2},"end":{"line":5,"column":26}},"1":{"start":{"line":6,"column":2},"end":{"line":15,"column":4}},"2":{"start":{"line":12,"column":8},"end":{"line":12,"column":37}}},"fnMap":{"0":{"name":"RPList","decl":{"start":{"line":4,"column":9},"end":{"line":4,"column":15}},"loc":{"start":{"line":4,"column":26},"end":{"line":16,"column":1}},"line":4},"1":{"name":"(anonymous_1)","decl":{"start":{"line":11,"column":21},"end":{"line":11,"column":22}},"loc":{"start":{"line":12,"column":8},"end":{"line":12,"column":37}},"line":12}},"branchMap":{"0":{"loc":{"start":{"line":11,"column":7},"end":{"line":13,"column":15}},"type":"cond-expr","locations":[{"start":{"line":11,"column":13},"end":{"line":13,"column":8}},{"start":{"line":13,"column":11},"end":{"line":13,"column":15}}],"line":11}},"s":{"0":2,"1":2,"2":3},"f":{"0":2,"1":3},"b":{"0":[1,1]},"_coverageSchema":"1a1c01bbd47fc00a2c39e90264f33305004495a9","hash":"8e9977a0113ca1b1b5cbed6822946eadc2a40f34"}
,"/home/mcpeck/hackreactor/FECv2/client/src/components/RelatedProducts/RelatedProducts.jsx": {"path":"/home/mcpeck/hackreactor/FECv2/client/src/components/RelatedProducts/RelatedProducts.jsx","statementMap":{"0":{"start":{"line":1,"column":14},"end":{"line":1,"column":30}},"1":{"start":{"line":8,"column":30},"end":{"line":8,"column":44}},"2":{"start":{"line":11,"column":4},"end":{"line":20,"column":6}},"3":{"start":{"line":12,"column":23},"end":{"line":18,"column":7}},"4":{"start":{"line":13,"column":8},"end":{"line":17,"column":9}},"5":{"start":{"line":14,"column":10},"end":{"line":14,"column":22}},"6":{"start":{"line":16,"column":10},"end":{"line":16,"column":29}},"7":{"start":{"line":19,"column":6},"end":{"line":19,"column":25}},"8":{"start":{"line":25,"column":2},"end":{"line":34,"column":8}},"9":{"start":{"line":26,"column":4},"end":{"line":33,"column":6}},"10":{"start":{"line":28,"column":6},"end":{"line":30,"column":9}},"11":{"start":{"line":29,"column":8},"end":{"line":29,"column":42}},"12":{"start":{"line":32,"column":6},"end":{"line":32,"column":22}},"13":{"start":{"line":36,"column":2},"end":{"line":41,"column":3}}},"fnMap":{"0":{"name":"RelatedProducts","decl":{"start":{"line":7,"column":9},"end":{"line":7,"column":24}},"loc":{"start":{"line":7,"column":28},"end":{"line":42,"column":1}},"line":7},"1":{"name":"fetchData","decl":{"start":{"line":10,"column":17},"end":{"line":10,"column":26}},"loc":{"start":{"line":10,"column":31},"end":{"line":21,"column":3}},"line":10},"2":{"name":"(anonymous_2)","decl":{"start":{"line":11,"column":23},"end":{"line":11,"column":24}},"loc":{"start":{"line":11,"column":44},"end":{"line":20,"column":5}},"line":11},"3":{"name":"(anonymous_3)","decl":{"start":{"line":12,"column":23},"end":{"line":12,"column":24}},"loc":{"start":{"line":12,"column":44},"end":{"line":18,"column":7}},"line":12},"4":{"name":"(anonymous_4)","decl":{"start":{"line":25,"column":12},"end":{"line":25,"column":13}},"loc":{"start":{"line":25,"column":18},"end":{"line":34,"column":3}},"line":25},"5":{"name":"(anonymous_5)","decl":{"start":{"line":27,"column":10},"end":{"line":27,"column":11}},"loc":{"start":{"line":27,"column":19},"end":{"line":31,"column":5}},"line":27},"6":{"name":"(anonymous_6)","decl":{"start":{"line":28,"column":33},"end":{"line":28,"column":34}},"loc":{"start":{"line":28,"column":41},"end":{"line":30,"column":7}},"line":28},"7":{"name":"(anonymous_7)","decl":{"start":{"line":31,"column":12},"end":{"line":31,"column":13}},"loc":{"start":{"line":31,"column":22},"end":{"line":33,"column":5}},"line":31}},"branchMap":{"0":{"loc":{"start":{"line":13,"column":8},"end":{"line":17,"column":9}},"type":"if","locations":[{"start":{"line":13,"column":8},"end":{"line":17,"column":9}},{"start":{"line":15,"column":15},"end":{"line":17,"column":9}}],"line":13},"1":{"loc":{"start":{"line":38,"column":7},"end":{"line":38,"column":39}},"type":"binary-expr","locations":[{"start":{"line":38,"column":7},"end":{"line":38,"column":13}},{"start":{"line":38,"column":17},"end":{"line":38,"column":39}}],"line":38}},"s":{"0":1,"1":1,"2":1,"3":1,"4":0,"5":0,"6":0,"7":1,"8":1,"9":1,"10":0,"11":0,"12":0,"13":1},"f":{"0":1,"1":1,"2":1,"3":0,"4":1,"5":0,"6":0,"7":0},"b":{"0":[0,0],"1":[1,0]},"_coverageSchema":"1a1c01bbd47fc00a2c39e90264f33305004495a9","hash":"78ec306749999e7320e5bcf345aa18ae12518354"}
,"/home/mcpeck/hackreactor/FECv2/client/src/components/RelatedProducts/YourOutfitList.jsx": {"path":"/home/mcpeck/hackreactor/FECv2/client/src/components/RelatedProducts/YourOutfitList.jsx","statementMap":{"0":{"start":{"line":4,"column":40},"end":{"line":4,"column":52}},"1":{"start":{"line":6,"column":2},"end":{"line":12,"column":4}},"2":{"start":{"line":9,"column":6},"end":{"line":9,"column":110}}},"fnMap":{"0":{"name":"YourOutfitList","decl":{"start":{"line":3,"column":9},"end":{"line":3,"column":23}},"loc":{"start":{"line":3,"column":32},"end":{"line":13,"column":1}},"line":3},"1":{"name":"(anonymous_1)","decl":{"start":{"line":8,"column":22},"end":{"line":8,"column":23}},"loc":{"start":{"line":8,"column":35},"end":{"line":10,"column":5}},"line":8}},"branchMap":{},"s":{"0":0,"1":0,"2":0},"f":{"0":0,"1":0},"b":{},"_coverageSchema":"1a1c01bbd47fc00a2c39e90264f33305004495a9","hash":"c371da5eec298d78ea1615b5b0c43793c52e9aa9"}
,"/home/mcpeck/hackreactor/FECv2/server/utils/fetch.js": {"path":"/home/mcpeck/hackreactor/FECv2/server/utils/fetch.js","statementMap":{"0":{"start":{"line":1,"column":14},"end":{"line":1,"column":30}},"1":{"start":{"line":26,"column":12},"end":{"line":42,"column":1}},"2":{"start":{"line":27,"column":15},"end":{"line":32,"column":2}},"3":{"start":{"line":34,"column":1},"end":{"line":41,"column":2}},"4":{"start":{"line":36,"column":15},"end":{"line":36,"column":69}},"5":{"start":{"line":37,"column":2},"end":{"line":37,"column":17}},"6":{"start":{"line":40,"column":2},"end":{"line":40,"column":10}},"7":{"start":{"line":44,"column":0},"end":{"line":44,"column":27}}},"fnMap":{"0":{"name":"(anonymous_0)","decl":{"start":{"line":26,"column":12},"end":{"line":26,"column":13}},"loc":{"start":{"line":26,"column":36},"end":{"line":42,"column":1}},"line":26}},"branchMap":{},"s":{"0":1,"1":1,"2":1,"3":1,"4":1,"5":0,"6":0,"7":1},"f":{"0":1},"b":{},"_coverageSchema":"1a1c01bbd47fc00a2c39e90264f33305004495a9","hash":"35572114edd4fec17a8ec8455410872e1ed5604b"}
}
