TN:
SF:client/src/components/RelatedProducts/RPCard.jsx
FN:4,RPCard
FN:5,starProduct
FNF:2
FNH:1
FNDA:4,RPCard
FNDA:0,starProduct
DA:11,4
LF:1
LH:1
BRF:0
BRH:0
end_of_record
TN:
SF:client/src/components/RelatedProducts/RPComparison.jsx
FN:1,RPComparison
FNF:1
FNH:0
FNDA:0,RPComparison
LF:0
LH:0
BRF:0
BRH:0
end_of_record
TN:
SF:client/src/components/RelatedProducts/RPList.jsx
FN:4,RPList
FN:11,(anonymous_1)
FNF:2
FNH:2
FNDA:2,RPList
FNDA:3,(anonymous_1)
DA:5,2
DA:6,2
DA:12,3
LF:3
LH:3
BRDA:11,0,0,1
BRDA:11,0,1,1
BRF:2
BRH:2
end_of_record
TN:
SF:client/src/components/RelatedProducts/RelatedProducts.jsx
FN:7,RelatedProducts
FN:10,fetchData
FN:11,(anonymous_2)
FN:12,(anonymous_3)
FN:25,(anonymous_4)
FN:27,(anonymous_5)
FN:28,(anonymous_6)
FN:31,(anonymous_7)
FNF:8
FNH:4
FNDA:1,RelatedProducts
FNDA:1,fetchData
FNDA:1,(anonymous_2)
FNDA:0,(anonymous_3)
FNDA:1,(anonymous_4)
FNDA:0,(anonymous_5)
FNDA:0,(anonymous_6)
FNDA:0,(anonymous_7)
DA:1,1
DA:8,1
DA:11,1
DA:12,1
DA:13,0
DA:14,0
DA:16,0
DA:19,1
DA:25,1
DA:26,1
DA:28,0
DA:29,0
DA:32,0
DA:36,1
LF:14
LH:8
BRDA:13,0,0,0
BRDA:13,0,1,0
BRDA:38,1,0,1
BRDA:38,1,1,0
BRF:4
BRH:1
end_of_record
TN:
SF:client/src/components/RelatedProducts/YourOutfitList.jsx
FN:3,YourOutfitList
FN:8,(anonymous_1)
FNF:2
FNH:0
FNDA:0,YourOutfitList
FNDA:0,(anonymous_1)
DA:4,0
DA:6,0
DA:9,0
LF:3
LH:0
BRF:0
BRH:0
end_of_record
TN:
SF:server/utils/fetch.js
FN:26,(anonymous_0)
FNF:1
FNH:1
FNDA:1,(anonymous_0)
DA:1,1
DA:26,1
DA:27,1
DA:34,1
DA:36,1
DA:37,0
DA:40,0
DA:44,1
LF:8
LH:6
BRF:0
BRH:0
end_of_record
