TN:
SF:ExampleData/index.js
FNF:0
FNH:0
DA:1,1
DA:2,1
DA:3,1
DA:4,1
DA:6,1
LF:5
LH:5
BRF:0
BRH:0
end_of_record
TN:
SF:ExampleData/APIs/cart.js
FNF:0
FNH:0
DA:1,1
LF:1
LH:1
BRF:0
BRH:0
end_of_record
TN:
SF:ExampleData/APIs/products.js
FNF:0
FNH:0
DA:1,1
LF:1
LH:1
BRF:0
BRH:0
end_of_record
TN:
SF:ExampleData/APIs/questions.js
FNF:0
FNH:0
DA:1,1
LF:1
LH:1
BRF:0
BRH:0
end_of_record
TN:
SF:ExampleData/APIs/reviews.js
FNF:0
FNH:0
DA:1,1
LF:1
LH:1
BRF:0
BRH:0
end_of_record
TN:
SF:client/src/components/Overview/components/Button.jsx
FN:3,Button
FNF:1
FNH:1
FNDA:4,Button
DA:4,4
LF:1
LH:1
BRF:0
BRH:0
end_of_record
TN:
SF:client/src/components/Overview/components/Images.jsx
FN:8,Images
FN:17,(anonymous_1)
FN:25,(anonymous_2)
FNF:3
FNH:1
FNDA:2,Images
FNDA:0,(anonymous_1)
FNDA:0,(anonymous_2)
DA:9,2
DA:10,0
DA:11,0
DA:12,0
DA:13,0
DA:15,0
DA:17,0
DA:25,0
DA:31,2
LF:9
LH:2
BRDA:9,0,0,0
BRDA:9,0,1,2
BRF:2
BRH:1
end_of_record
TN:
SF:client/src/components/Overview/components/Modal.jsx
FN:4,Modal
FN:9,(anonymous_1)
FNF:2
FNH:0
FNDA:0,Modal
FNDA:0,(anonymous_1)
DA:5,0
DA:9,0
LF:2
LH:0
BRF:0
BRH:0
end_of_record
TN:
SF:client/src/components/Overview/components/Overview.jsx
FN:11,Overview
FN:25,(anonymous_1)
FN:26,(anonymous_2)
FN:37,(anonymous_3)
FN:43,(anonymous_4)
FN:44,(anonymous_5)
FN:50,(anonymous_6)
FNF:7
FNH:4
FNDA:2,Overview
FNDA:1,(anonymous_1)
FNDA:1,(anonymous_2)
FNDA:1,(anonymous_3)
FNDA:0,(anonymous_4)
FNDA:0,(anonymous_5)
FNDA:0,(anonymous_6)
DA:13,2
DA:14,2
DA:15,2
DA:17,2
DA:20,2
DA:21,2
DA:22,2
DA:25,2
DA:26,1
DA:27,1
DA:28,1
DA:31,0
DA:37,2
DA:40,1
DA:41,1
DA:43,1
DA:44,0
DA:45,0
DA:46,0
DA:48,0
DA:50,0
DA:59,2
LF:22
LH:16
BRDA:27,0,0,1
BRDA:27,0,1,0
BRDA:45,1,0,0
BRDA:45,1,1,0
BRF:4
BRH:1
end_of_record
TN:
SF:client/src/components/Overview/components/ProductInfo.jsx
FN:6,ProductInfo
FN:7,(anonymous_1)
FNF:2
FNH:1
FNDA:2,ProductInfo
FNDA:0,(anonymous_1)
DA:7,2
DA:8,0
DA:11,2
LF:3
LH:2
BRF:0
BRH:0
end_of_record
TN:
SF:client/src/components/Overview/components/StarRating.jsx
FN:4,StarRating
FN:5,(anonymous_1)
FNF:2
FNH:1
FNDA:2,StarRating
FNDA:0,(anonymous_1)
DA:5,2
DA:6,0
DA:7,0
DA:10,2
LF:4
LH:2
BRF:0
BRH:0
end_of_record
TN:
SF:client/src/components/Overview/components/StyleSelector.jsx
FN:6,StyleSelector
FN:40,(anonymous_1)
FN:66,(anonymous_2)
FNF:3
FNH:1
FNDA:2,StyleSelector
FNDA:0,(anonymous_1)
FNDA:0,(anonymous_2)
DA:8,2
DA:9,2
DA:10,2
DA:16,2
DA:17,2
DA:40,2
DA:41,0
DA:42,0
DA:44,0
DA:45,0
DA:47,0
DA:66,2
DA:67,0
DA:68,0
DA:69,0
DA:70,0
DA:74,2
LF:17
LH:8
BRDA:67,0,0,0
BRDA:67,0,1,0
BRDA:69,1,0,0
BRDA:69,1,1,0
BRF:4
BRH:0
end_of_record
TN:
SF:client/src/components/Overview/components/Thumbnail.jsx
FN:4,Thumbnail
FNF:1
FNH:0
FNDA:0,Thumbnail
DA:5,0
DA:7,0
LF:2
LH:0
BRF:0
BRH:0
end_of_record
TN:
SF:client/src/components/Overview/components/ThumbnailCarousel.jsx
FN:4,ThumbnailCarousel
FN:8,(anonymous_1)
FNF:2
FNH:0
FNDA:0,ThumbnailCarousel
FNDA:0,(anonymous_1)
DA:5,0
DA:6,0
DA:8,0
DA:15,0
LF:4
LH:0
BRDA:5,0,0,0
BRDA:5,0,1,0
BRF:2
BRH:0
end_of_record
TN:
SF:client/src/components/Overview/overview-utils/modal.js
FN:3,toggleModal
FN:4,(anonymous_1)
FNF:2
FNH:0
FNDA:0,toggleModal
FNDA:0,(anonymous_1)
DA:4,0
DA:5,0
DA:6,0
DA:8,0
DA:9,0
LF:5
LH:0
BRF:0
BRH:0
end_of_record
TN:
SF:client/src/components/Questions/Answers/Answer.jsx
FN:3,Answer
FN:4,(anonymous_1)
FNF:2
FNH:2
FNDA:1,Answer
FNDA:1,(anonymous_1)
DA:4,1
DA:5,1
DA:6,1
DA:9,1
LF:4
LH:4
BRF:0
BRH:0
end_of_record
TN:
SF:client/src/components/Questions/Answers/AnswersList.jsx
FN:8,AnswersList
FN:20,(anonymous_1)
FN:27,(anonymous_2)
FN:32,(anonymous_3)
FNF:4
FNH:3
FNDA:2,AnswersList
FNDA:2,(anonymous_1)
FNDA:0,(anonymous_2)
FNDA:1,(anonymous_3)
DA:14,2
DA:15,2
DA:16,2
DA:17,2
DA:20,2
DA:21,2
DA:25,2
DA:28,0
DA:32,1
LF:9
LH:8
BRDA:27,0,0,2
BRDA:27,0,1,0
BRDA:33,1,0,2
BRDA:33,1,1,0
BRF:4
BRH:2
end_of_record
TN:
SF:client/src/components/Questions/Answers/hooks/useAnswersList.jsx
FN:4,useAnswersList
FN:7,(anonymous_1)
FNF:2
FNH:2
FNDA:2,useAnswersList
FNDA:2,(anonymous_1)
DA:5,2
DA:7,2
DA:8,2
DA:9,2
DA:14,0
DA:15,0
DA:19,2
LF:7
LH:5
BRF:0
BRH:0
end_of_record
TN:
SF:client/src/components/Questions/Answers/hooks/useMoreA.jsx
FN:4,useMoreA
FNF:1
FNH:1
FNDA:2,useMoreA
DA:5,2
DA:7,2
LF:2
LH:2
BRF:0
BRH:0
end_of_record
TN:
SF:client/src/components/Questions/QuestionsList/MoreAnsweredQ.jsx
FN:3,MoreAnsweredQ
FN:7,(anonymous_1)
FNF:2
FNH:0
FNDA:0,MoreAnsweredQ
FNDA:0,(anonymous_1)
DA:5,0
DA:7,0
LF:2
LH:0
BRDA:8,0,0,0
BRDA:8,0,1,0
BRF:2
BRH:0
end_of_record
TN:
SF:client/src/components/Questions/QuestionsList/Question.jsx
FN:3,Question
FNF:1
FNH:1
FNDA:1,Question
DA:8,1
LF:1
LH:1
BRF:0
BRH:0
end_of_record
TN:
SF:client/src/components/Questions/QuestionsList/QuestionsList.jsx
FN:15,QuestionsList
FN:24,(anonymous_1)
FN:28,(anonymous_2)
FN:35,(anonymous_3)
FN:42,(anonymous_4)
FNF:5
FNH:2
FNDA:2,QuestionsList
FNDA:0,(anonymous_1)
FNDA:0,(anonymous_2)
FNDA:2,(anonymous_3)
FNDA:0,(anonymous_4)
DA:16,2
DA:17,2
DA:18,2
DA:19,2
DA:24,2
DA:25,0
DA:28,2
DA:29,0
DA:30,0
DA:35,2
DA:36,2
DA:39,2
DA:43,0
LF:13
LH:9
BRDA:29,0,0,0
BRDA:29,0,1,0
BRDA:29,1,0,0
BRDA:29,1,1,0
BRDA:51,2,0,2
BRDA:51,2,1,0
BRF:6
BRH:1
end_of_record
TN:
SF:client/src/components/Questions/QuestionsList/SearchBar.jsx
FN:3,SearchBar
FN:10,(anonymous_1)
FNF:2
FNH:2
FNDA:3,SearchBar
FNDA:1,(anonymous_1)
DA:8,3
DA:10,3
DA:11,1
DA:14,3
LF:4
LH:4
BRF:0
BRH:0
end_of_record
TN:
SF:client/src/components/Questions/hooks/useCount.jsx
FN:3,useCount
FN:7,(anonymous_1)
FN:11,(anonymous_2)
FNF:3
FNH:1
FNDA:2,useCount
FNDA:0,(anonymous_1)
FNDA:0,(anonymous_2)
DA:4,2
DA:5,2
DA:7,2
DA:8,0
DA:11,2
DA:12,0
DA:15,2
DA:17,2
LF:8
LH:6
BRF:0
BRH:0
end_of_record
TN:
SF:client/src/components/Questions/hooks/useMoreQ.jsx
FN:3,useMoreQ
FN:6,(anonymous_1)
FN:24,(anonymous_2)
FNF:3
FNH:1
FNDA:2,useMoreQ
FNDA:0,(anonymous_1)
FNDA:0,(anonymous_2)
DA:4,2
DA:6,2
DA:7,0
DA:8,0
DA:9,0
DA:10,0
DA:11,0
DA:14,0
DA:15,0
DA:16,0
DA:17,0
DA:19,0
DA:21,0
DA:24,2
DA:25,0
DA:28,2
LF:16
LH:4
BRDA:7,0,0,0
BRDA:7,0,1,0
BRDA:14,1,0,0
BRDA:14,1,1,0
BRF:4
BRH:0
end_of_record
TN:
SF:client/src/components/Questions/hooks/usePage.jsx
FN:3,usePage
FN:7,(anonymous_1)
FN:11,(anonymous_2)
FNF:3
FNH:1
FNDA:2,usePage
FNDA:0,(anonymous_1)
FNDA:0,(anonymous_2)
DA:4,2
DA:5,2
DA:7,2
DA:8,0
DA:11,2
DA:12,0
DA:15,2
DA:17,2
LF:8
LH:6
BRF:0
BRH:0
end_of_record
TN:
SF:client/src/components/Questions/hooks/useQuestionsList.jsx
FN:4,useQuestionsList
FN:7,(anonymous_1)
FNF:2
FNH:2
FNDA:2,useQuestionsList
FNDA:2,(anonymous_1)
DA:5,2
DA:7,2
DA:8,2
DA:9,2
DA:14,0
DA:15,0
DA:19,2
LF:7
LH:5
BRF:0
BRH:0
end_of_record
TN:
SF:server/fetch.js
FN:26,(anonymous_0)
FNF:1
FNH:1
FNDA:1,(anonymous_0)
DA:1,1
DA:26,1
DA:27,1
DA:34,1
DA:36,1
DA:37,0
DA:39,1
DA:40,1
DA:44,1
LF:9
LH:8
BRF:0
BRH:0
end_of_record
